[2022-01-02 19:29:43] local.ERROR: file_put_contents(/var/www/restaurant.qrdigitales.com/public_html/fake/.env): failed to open stream: Permission denied {"userId":1,"exception":"[object] (ErrorException(code: 0): file_put_contents(/var/www/restaurant.qrdigitales.com/public_html/fake/.env): failed to open stream: Permission denied at /var/www/restaurant.qrdigitales.com/public_html/fake/app/Http/Controllers/SettingsController.php:401)
[stacktrace]
#0 [internal function]: Illuminate\\Foundation\\Bootstrap\\HandleExceptions->handleError()
#1 /var/www/restaurant.qrdigitales.com/public_html/fake/app/Http/Controllers/SettingsController.php(401): file_put_contents()
#2 /var/www/restaurant.qrdigitales.com/public_html/fake/app/Http/Controllers/SettingsController.php(426): App\\Http\\Controllers\\SettingsController->setEnvironmentValue()
#3 /var/www/restaurant.qrdigitales.com/public_html/fake/vendor/laravel/framework/src/Illuminate/Routing/Controller.php(54): App\\Http\\Controllers\\SettingsController->update()
#4 /var/www/restaurant.qrdigitales.com/public_html/fake/vendor/laravel/framework/src/Illuminate/Routing/ControllerDispatcher.php(45): Illuminate\\Routing\\Controller->callAction()
#5 /var/www/restaurant.qrdigitales.com/public_html/fake/vendor/laravel/framework/src/Illuminate/Routing/Route.php(254): Illuminate\\Routing\\ControllerDispatcher->dispatch()
#6 /var/www/restaurant.qrdigitales.com/public_html/fake/vendor/laravel/framework/src/Illuminate/Routing/Route.php(197): Illuminate\\Routing\\Route->runController()
#7 /var/www/restaurant.qrdigitales.com/public_html/fake/vendor/laravel/framework/src/Illuminate/Routing/Router.php(692): Illuminate\\Routing\\Route->run()
#8 /var/www/restaurant.qrdigitales.com/public_html/fake/vendor/laravel/framework/src/Illuminate/Pipeline/Pipeline.php(128): Illuminate\\Routing\\Router->Illuminate\\Routing\\{closure}()
#9 /var/www/restaurant.qrdigitales.com/public_html/fake/vendor/laravel/framework/src/Illuminate/Routing/Middleware/SubstituteBindings.php(41): Illuminate\\Pipeline\\Pipeline->Illuminate\\Pipeline\\{closure}()
#10 /var/www/restaurant.qrdigitales.com/public_html/fake/vendor/laravel/framework/src/Illuminate/Pipeline/Pipeline.php(167): Illuminate\\Routing\\Middleware\\SubstituteBindings->handle()
#11 /var/www/restaurant.qrdigitales.com/public_html/fake/vendor/laravel/framework/src/Illuminate/Auth/Middleware/Authenticate.php(44): Illuminate\\Pipeline\\Pipeline->Illuminate\\Pipeline\\{closure}()
#12 /var/www/restaurant.qrdigitales.com/public_html/fake/vendor/laravel/framework/src/Illuminate/Pipeline/Pipeline.php(167): Illuminate\\Auth\\Middleware\\Authenticate->handle()
#13 /var/www/restaurant.qrdigitales.com/public_html/fake/vendor/laravel/framework/src/Illuminate/Foundation/Http/Middleware/VerifyCsrfToken.php(78): Illuminate\\Pipeline\\Pipeline->Illuminate\\Pipeline\\{closure}()
#14 /var/www/restaurant.qrdigitales.com/public_html/fake/vendor/laravel/framework/src/Illuminate/Pipeline/Pipeline.php(167): Illuminate\\Foundation\\Http\\Middleware\\VerifyCsrfToken->handle()
#15 /var/www/restaurant.qrdigitales.com/public_html/fake/vendor/laravel/framework/src/Illuminate/View/Middleware/ShareErrorsFromSession.php(49): Illuminate\\Pipeline\\Pipeline->Illuminate\\Pipeline\\{closure}()
#16 /var/www/restaurant.qrdigitales.com/public_html/fake/vendor/laravel/framework/src/Illuminate/Pipeline/Pipeline.php(167): Illuminate\\View\\Middleware\\ShareErrorsFromSession->handle()
#17 /var/www/restaurant.qrdigitales.com/public_html/fake/app/Http/Middleware/Language.php(32): Illuminate\\Pipeline\\Pipeline->Illuminate\\Pipeline\\{closure}()
#18 /var/www/restaurant.qrdigitales.com/public_html/fake/vendor/laravel/framework/src/Illuminate/Pipeline/Pipeline.php(167): App\\Http\\Middleware\\Language->handle()
#19 /var/www/restaurant.qrdigitales.com/public_html/fake/vendor/laravel/framework/src/Illuminate/Session/Middleware/StartSession.php(121): Illuminate\\Pipeline\\Pipeline->Illuminate\\Pipeline\\{closure}()
#20 /var/www/restaurant.qrdigitales.com/public_html/fake/vendor/laravel/framework/src/Illuminate/Session/Middleware/StartSession.php(63): Illuminate\\Session\\Middleware\\StartSession->handleStatefulRequest()
#21 /var/www/restaurant.qrdigitales.com/public_html/fake/vendor/laravel/framework/src/Illuminate/Pipeline/Pipeline.php(167): Illuminate\\Session\\Middleware\\StartSession->handle()
#22 /var/www/restaurant.qrdigitales.com/public_html/fake/vendor/laravel/framework/src/Illuminate/Cookie/Middleware/AddQueuedCookiesToResponse.php(37): Illuminate\\Pipeline\\Pipeline->Illuminate\\Pipeline\\{closure}()
#23 /var/www/restaurant.qrdigitales.com/public_html/fake/vendor/laravel/framework/src/Illuminate/Pipeline/Pipeline.php(167): Illuminate\\Cookie\\Middleware\\AddQueuedCookiesToResponse->handle()
#24 /var/www/restaurant.qrdigitales.com/public_html/fake/vendor/laravel/framework/src/Illuminate/Cookie/Middleware/EncryptCookies.php(67): Illuminate\\Pipeline\\Pipeline->Illuminate\\Pipeline\\{closure}()
#25 /var/www/restaurant.qrdigitales.com/public_html/fake/vendor/laravel/framework/src/Illuminate/Pipeline/Pipeline.php(167): Illuminate\\Cookie\\Middleware\\EncryptCookies->handle()
#26 /var/www/restaurant.qrdigitales.com/public_html/fake/vendor/mobidonia/laravel-dashboard-installer/src/Middleware/ToInstallMiddleware.php(23): Illuminate\\Pipeline\\Pipeline->Illuminate\\Pipeline\\{closure}()
#27 /var/www/restaurant.qrdigitales.com/public_html/fake/vendor/laravel/framework/src/Illuminate/Pipeline/Pipeline.php(167): dacoto\\LaravelInstaller\\Middleware\\ToInstallMiddleware->handle()
#28 /var/www/restaurant.qrdigitales.com/public_html/fake/vendor/laravel/framework/src/Illuminate/Pipeline/Pipeline.php(103): Illuminate\\Pipeline\\Pipeline->Illuminate\\Pipeline\\{closure}()
#29 /var/www/restaurant.qrdigitales.com/public_html/fake/vendor/laravel/framework/src/Illuminate/Routing/Router.php(694): Illuminate\\Pipeline\\Pipeline->then()
#30 /var/www/restaurant.qrdigitales.com/public_html/fake/vendor/laravel/framework/src/Illuminate/Routing/Router.php(669): Illuminate\\Routing\\Router->runRouteWithinStack()
#31 /var/www/restaurant.qrdigitales.com/public_html/fake/vendor/laravel/framework/src/Illuminate/Routing/Router.php(635): Illuminate\\Routing\\Router->runRoute()
#32 /var/www/restaurant.qrdigitales.com/public_html/fake/vendor/laravel/framework/src/Illuminate/Routing/Router.php(624): Illuminate\\Routing\\Router->dispatchToRoute()
#33 /var/www/restaurant.qrdigitales.com/public_html/fake/vendor/laravel/framework/src/Illuminate/Foundation/Http/Kernel.php(166): Illuminate\\Routing\\Router->dispatch()
#34 /var/www/restaurant.qrdigitales.com/public_html/fake/vendor/laravel/framework/src/Illuminate/Pipeline/Pipeline.php(128): Illuminate\\Foundation\\Http\\Kernel->Illuminate\\Foundation\\Http\\{closure}()
#35 /var/www/restaurant.qrdigitales.com/public_html/fake/vendor/barryvdh/laravel-debugbar/src/Middleware/InjectDebugbar.php(67): Illuminate\\Pipeline\\Pipeline->Illuminate\\Pipeline\\{closure}()
#36 /var/www/restaurant.qrdigitales.com/public_html/fake/vendor/laravel/framework/src/Illuminate/Pipeline/Pipeline.php(167): Barryvdh\\Debugbar\\Middleware\\InjectDebugbar->handle()
#37 /var/www/restaurant.qrdigitales.com/public_html/fake/vendor/laravel/framework/src/Illuminate/Foundation/Http/Middleware/TransformsRequest.php(21): Illuminate\\Pipeline\\Pipeline->Illuminate\\Pipeline\\{closure}()
#38 /var/www/restaurant.qrdigitales.com/public_html/fake/vendor/laravel/framework/src/Illuminate/Pipeline/Pipeline.php(167): Illuminate\\Foundation\\Http\\Middleware\\TransformsRequest->handle()
#39 /var/www/restaurant.qrdigitales.com/public_html/fake/vendor/laravel/framework/src/Illuminate/Foundation/Http/Middleware/TransformsRequest.php(21): Illuminate\\Pipeline\\Pipeline->Illuminate\\Pipeline\\{closure}()
#40 /var/www/restaurant.qrdigitales.com/public_html/fake/vendor/laravel/framework/src/Illuminate/Pipeline/Pipeline.php(167): Illuminate\\Foundation\\Http\\Middleware\\TransformsRequest->handle()
#41 /var/www/restaurant.qrdigitales.com/public_html/fake/vendor/laravel/framework/src/Illuminate/Foundation/Http/Middleware/ValidatePostSize.php(27): Illuminate\\Pipeline\\Pipeline->Illuminate\\Pipeline\\{closure}()
#42 /var/www/restaurant.qrdigitales.com/public_html/fake/vendor/laravel/framework/src/Illuminate/Pipeline/Pipeline.php(167): Illuminate\\Foundation\\Http\\Middleware\\ValidatePostSize->handle()
#43 /var/www/restaurant.qrdigitales.com/public_html/fake/vendor/laravel/framework/src/Illuminate/Foundation/Http/Middleware/PreventRequestsDuringMaintenance.php(86): Illuminate\\Pipeline\\Pipeline->Illuminate\\Pipeline\\{closure}()
#44 /var/www/restaurant.qrdigitales.com/public_html/fake/vendor/laravel/framework/src/Illuminate/Pipeline/Pipeline.php(167): Illuminate\\Foundation\\Http\\Middleware\\PreventRequestsDuringMaintenance->handle()
#45 /var/www/restaurant.qrdigitales.com/public_html/fake/vendor/fruitcake/laravel-cors/src/HandleCors.php(37): Illuminate\\Pipeline\\Pipeline->Illuminate\\Pipeline\\{closure}()
#46 /var/www/restaurant.qrdigitales.com/public_html/fake/vendor/laravel/framework/src/Illuminate/Pipeline/Pipeline.php(167): Fruitcake\\Cors\\HandleCors->handle()
#47 /var/www/restaurant.qrdigitales.com/public_html/fake/vendor/fideloper/proxy/src/TrustProxies.php(57): Illuminate\\Pipeline\\Pipeline->Illuminate\\Pipeline\\{closure}()
#48 /var/www/restaurant.qrdigitales.com/public_html/fake/vendor/laravel/framework/src/Illuminate/Pipeline/Pipeline.php(167): Fideloper\\Proxy\\TrustProxies->handle()
#49 /var/www/restaurant.qrdigitales.com/public_html/fake/vendor/laravel/framework/src/Illuminate/Pipeline/Pipeline.php(103): Illuminate\\Pipeline\\Pipeline->Illuminate\\Pipeline\\{closure}()
#50 /var/www/restaurant.qrdigitales.com/public_html/fake/vendor/laravel/framework/src/Illuminate/Foundation/Http/Kernel.php(141): Illuminate\\Pipeline\\Pipeline->then()
#51 /var/www/restaurant.qrdigitales.com/public_html/fake/vendor/laravel/framework/src/Illuminate/Foundation/Http/Kernel.php(110): Illuminate\\Foundation\\Http\\Kernel->sendRequestThroughRouter()
#52 /var/www/restaurant.qrdigitales.com/public_html/fake/public/index.php(52): Illuminate\\Foundation\\Http\\Kernel->handle()
#53 {main}
"} 
[2022-01-02 19:31:22] local.ERROR: file_put_contents(/var/www/restaurant.qrdigitales.com/public_html/fake/.env): failed to open stream: Permission denied {"userId":1,"exception":"[object] (ErrorException(code: 0): file_put_contents(/var/www/restaurant.qrdigitales.com/public_html/fake/.env): failed to open stream: Permission denied at /var/www/restaurant.qrdigitales.com/public_html/fake/app/Http/Controllers/SettingsController.php:401)
[stacktrace]
#0 [internal function]: Illuminate\\Foundation\\Bootstrap\\HandleExceptions->handleError()
#1 /var/www/restaurant.qrdigitales.com/public_html/fake/app/Http/Controllers/SettingsController.php(401): file_put_contents()
#2 /var/www/restaurant.qrdigitales.com/public_html/fake/app/Http/Controllers/SettingsController.php(426): App\\Http\\Controllers\\SettingsController->setEnvironmentValue()
#3 /var/www/restaurant.qrdigitales.com/public_html/fake/vendor/laravel/framework/src/Illuminate/Routing/Controller.php(54): App\\Http\\Controllers\\SettingsController->update()
#4 /var/www/restaurant.qrdigitales.com/public_html/fake/vendor/laravel/framework/src/Illuminate/Routing/ControllerDispatcher.php(45): Illuminate\\Routing\\Controller->callAction()
#5 /var/www/restaurant.qrdigitales.com/public_html/fake/vendor/laravel/framework/src/Illuminate/Routing/Route.php(254): Illuminate\\Routing\\ControllerDispatcher->dispatch()
#6 /var/www/restaurant.qrdigitales.com/public_html/fake/vendor/laravel/framework/src/Illuminate/Routing/Route.php(197): Illuminate\\Routing\\Route->runController()
#7 /var/www/restaurant.qrdigitales.com/public_html/fake/vendor/laravel/framework/src/Illuminate/Routing/Router.php(692): Illuminate\\Routing\\Route->run()
#8 /var/www/restaurant.qrdigitales.com/public_html/fake/vendor/laravel/framework/src/Illuminate/Pipeline/Pipeline.php(128): Illuminate\\Routing\\Router->Illuminate\\Routing\\{closure}()
#9 /var/www/restaurant.qrdigitales.com/public_html/fake/vendor/laravel/framework/src/Illuminate/Routing/Middleware/SubstituteBindings.php(41): Illuminate\\Pipeline\\Pipeline->Illuminate\\Pipeline\\{closure}()
#10 /var/www/restaurant.qrdigitales.com/public_html/fake/vendor/laravel/framework/src/Illuminate/Pipeline/Pipeline.php(167): Illuminate\\Routing\\Middleware\\SubstituteBindings->handle()
#11 /var/www/restaurant.qrdigitales.com/public_html/fake/vendor/laravel/framework/src/Illuminate/Auth/Middleware/Authenticate.php(44): Illuminate\\Pipeline\\Pipeline->Illuminate\\Pipeline\\{closure}()
#12 /var/www/restaurant.qrdigitales.com/public_html/fake/vendor/laravel/framework/src/Illuminate/Pipeline/Pipeline.php(167): Illuminate\\Auth\\Middleware\\Authenticate->handle()
#13 /var/www/restaurant.qrdigitales.com/public_html/fake/vendor/laravel/framework/src/Illuminate/Foundation/Http/Middleware/VerifyCsrfToken.php(78): Illuminate\\Pipeline\\Pipeline->Illuminate\\Pipeline\\{closure}()
#14 /var/www/restaurant.qrdigitales.com/public_html/fake/vendor/laravel/framework/src/Illuminate/Pipeline/Pipeline.php(167): Illuminate\\Foundation\\Http\\Middleware\\VerifyCsrfToken->handle()
#15 /var/www/restaurant.qrdigitales.com/public_html/fake/vendor/laravel/framework/src/Illuminate/View/Middleware/ShareErrorsFromSession.php(49): Illuminate\\Pipeline\\Pipeline->Illuminate\\Pipeline\\{closure}()
#16 /var/www/restaurant.qrdigitales.com/public_html/fake/vendor/laravel/framework/src/Illuminate/Pipeline/Pipeline.php(167): Illuminate\\View\\Middleware\\ShareErrorsFromSession->handle()
#17 /var/www/restaurant.qrdigitales.com/public_html/fake/app/Http/Middleware/Language.php(32): Illuminate\\Pipeline\\Pipeline->Illuminate\\Pipeline\\{closure}()
#18 /var/www/restaurant.qrdigitales.com/public_html/fake/vendor/laravel/framework/src/Illuminate/Pipeline/Pipeline.php(167): App\\Http\\Middleware\\Language->handle()
#19 /var/www/restaurant.qrdigitales.com/public_html/fake/vendor/laravel/framework/src/Illuminate/Session/Middleware/StartSession.php(121): Illuminate\\Pipeline\\Pipeline->Illuminate\\Pipeline\\{closure}()
#20 /var/www/restaurant.qrdigitales.com/public_html/fake/vendor/laravel/framework/src/Illuminate/Session/Middleware/StartSession.php(63): Illuminate\\Session\\Middleware\\StartSession->handleStatefulRequest()
#21 /var/www/restaurant.qrdigitales.com/public_html/fake/vendor/laravel/framework/src/Illuminate/Pipeline/Pipeline.php(167): Illuminate\\Session\\Middleware\\StartSession->handle()
#22 /var/www/restaurant.qrdigitales.com/public_html/fake/vendor/laravel/framework/src/Illuminate/Cookie/Middleware/AddQueuedCookiesToResponse.php(37): Illuminate\\Pipeline\\Pipeline->Illuminate\\Pipeline\\{closure}()
#23 /var/www/restaurant.qrdigitales.com/public_html/fake/vendor/laravel/framework/src/Illuminate/Pipeline/Pipeline.php(167): Illuminate\\Cookie\\Middleware\\AddQueuedCookiesToResponse->handle()
#24 /var/www/restaurant.qrdigitales.com/public_html/fake/vendor/laravel/framework/src/Illuminate/Cookie/Middleware/EncryptCookies.php(67): Illuminate\\Pipeline\\Pipeline->Illuminate\\Pipeline\\{closure}()
#25 /var/www/restaurant.qrdigitales.com/public_html/fake/vendor/laravel/framework/src/Illuminate/Pipeline/Pipeline.php(167): Illuminate\\Cookie\\Middleware\\EncryptCookies->handle()
#26 /var/www/restaurant.qrdigitales.com/public_html/fake/vendor/mobidonia/laravel-dashboard-installer/src/Middleware/ToInstallMiddleware.php(23): Illuminate\\Pipeline\\Pipeline->Illuminate\\Pipeline\\{closure}()
#27 /var/www/restaurant.qrdigitales.com/public_html/fake/vendor/laravel/framework/src/Illuminate/Pipeline/Pipeline.php(167): dacoto\\LaravelInstaller\\Middleware\\ToInstallMiddleware->handle()
#28 /var/www/restaurant.qrdigitales.com/public_html/fake/vendor/laravel/framework/src/Illuminate/Pipeline/Pipeline.php(103): Illuminate\\Pipeline\\Pipeline->Illuminate\\Pipeline\\{closure}()
#29 /var/www/restaurant.qrdigitales.com/public_html/fake/vendor/laravel/framework/src/Illuminate/Routing/Router.php(694): Illuminate\\Pipeline\\Pipeline->then()
#30 /var/www/restaurant.qrdigitales.com/public_html/fake/vendor/laravel/framework/src/Illuminate/Routing/Router.php(669): Illuminate\\Routing\\Router->runRouteWithinStack()
#31 /var/www/restaurant.qrdigitales.com/public_html/fake/vendor/laravel/framework/src/Illuminate/Routing/Router.php(635): Illuminate\\Routing\\Router->runRoute()
#32 /var/www/restaurant.qrdigitales.com/public_html/fake/vendor/laravel/framework/src/Illuminate/Routing/Router.php(624): Illuminate\\Routing\\Router->dispatchToRoute()
#33 /var/www/restaurant.qrdigitales.com/public_html/fake/vendor/laravel/framework/src/Illuminate/Foundation/Http/Kernel.php(166): Illuminate\\Routing\\Router->dispatch()
#34 /var/www/restaurant.qrdigitales.com/public_html/fake/vendor/laravel/framework/src/Illuminate/Pipeline/Pipeline.php(128): Illuminate\\Foundation\\Http\\Kernel->Illuminate\\Foundation\\Http\\{closure}()
#35 /var/www/restaurant.qrdigitales.com/public_html/fake/vendor/barryvdh/laravel-debugbar/src/Middleware/InjectDebugbar.php(67): Illuminate\\Pipeline\\Pipeline->Illuminate\\Pipeline\\{closure}()
#36 /var/www/restaurant.qrdigitales.com/public_html/fake/vendor/laravel/framework/src/Illuminate/Pipeline/Pipeline.php(167): Barryvdh\\Debugbar\\Middleware\\InjectDebugbar->handle()
#37 /var/www/restaurant.qrdigitales.com/public_html/fake/vendor/laravel/framework/src/Illuminate/Foundation/Http/Middleware/TransformsRequest.php(21): Illuminate\\Pipeline\\Pipeline->Illuminate\\Pipeline\\{closure}()
#38 /var/www/restaurant.qrdigitales.com/public_html/fake/vendor/laravel/framework/src/Illuminate/Pipeline/Pipeline.php(167): Illuminate\\Foundation\\Http\\Middleware\\TransformsRequest->handle()
#39 /var/www/restaurant.qrdigitales.com/public_html/fake/vendor/laravel/framework/src/Illuminate/Foundation/Http/Middleware/TransformsRequest.php(21): Illuminate\\Pipeline\\Pipeline->Illuminate\\Pipeline\\{closure}()
#40 /var/www/restaurant.qrdigitales.com/public_html/fake/vendor/laravel/framework/src/Illuminate/Pipeline/Pipeline.php(167): Illuminate\\Foundation\\Http\\Middleware\\TransformsRequest->handle()
#41 /var/www/restaurant.qrdigitales.com/public_html/fake/vendor/laravel/framework/src/Illuminate/Foundation/Http/Middleware/ValidatePostSize.php(27): Illuminate\\Pipeline\\Pipeline->Illuminate\\Pipeline\\{closure}()
#42 /var/www/restaurant.qrdigitales.com/public_html/fake/vendor/laravel/framework/src/Illuminate/Pipeline/Pipeline.php(167): Illuminate\\Foundation\\Http\\Middleware\\ValidatePostSize->handle()
#43 /var/www/restaurant.qrdigitales.com/public_html/fake/vendor/laravel/framework/src/Illuminate/Foundation/Http/Middleware/PreventRequestsDuringMaintenance.php(86): Illuminate\\Pipeline\\Pipeline->Illuminate\\Pipeline\\{closure}()
#44 /var/www/restaurant.qrdigitales.com/public_html/fake/vendor/laravel/framework/src/Illuminate/Pipeline/Pipeline.php(167): Illuminate\\Foundation\\Http\\Middleware\\PreventRequestsDuringMaintenance->handle()
#45 /var/www/restaurant.qrdigitales.com/public_html/fake/vendor/fruitcake/laravel-cors/src/HandleCors.php(37): Illuminate\\Pipeline\\Pipeline->Illuminate\\Pipeline\\{closure}()
#46 /var/www/restaurant.qrdigitales.com/public_html/fake/vendor/laravel/framework/src/Illuminate/Pipeline/Pipeline.php(167): Fruitcake\\Cors\\HandleCors->handle()
#47 /var/www/restaurant.qrdigitales.com/public_html/fake/vendor/fideloper/proxy/src/TrustProxies.php(57): Illuminate\\Pipeline\\Pipeline->Illuminate\\Pipeline\\{closure}()
#48 /var/www/restaurant.qrdigitales.com/public_html/fake/vendor/laravel/framework/src/Illuminate/Pipeline/Pipeline.php(167): Fideloper\\Proxy\\TrustProxies->handle()
#49 /var/www/restaurant.qrdigitales.com/public_html/fake/vendor/laravel/framework/src/Illuminate/Pipeline/Pipeline.php(103): Illuminate\\Pipeline\\Pipeline->Illuminate\\Pipeline\\{closure}()
#50 /var/www/restaurant.qrdigitales.com/public_html/fake/vendor/laravel/framework/src/Illuminate/Foundation/Http/Kernel.php(141): Illuminate\\Pipeline\\Pipeline->then()
#51 /var/www/restaurant.qrdigitales.com/public_html/fake/vendor/laravel/framework/src/Illuminate/Foundation/Http/Kernel.php(110): Illuminate\\Foundation\\Http\\Kernel->sendRequestThroughRouter()
#52 /var/www/restaurant.qrdigitales.com/public_html/fake/public/index.php(52): Illuminate\\Foundation\\Http\\Kernel->handle()
#53 {main}
"} 
[2022-01-02 19:42:17] local.ERROR: fopen(/var/www/restaurant.qrdigitales.com/public_html/fake/app/Http/Controllers/../../../public/byadmin/front.js): failed to open stream: Permission denied {"userId":1,"exception":"[object] (ErrorException(code: 0): fopen(/var/www/restaurant.qrdigitales.com/public_html/fake/app/Http/Controllers/../../../public/byadmin/front.js): failed to open stream: Permission denied at /var/www/restaurant.qrdigitales.com/public_html/fake/app/Http/Controllers/SettingsController.php:449)
[stacktrace]
#0 [internal function]: Illuminate\\Foundation\\Bootstrap\\HandleExceptions->handleError()
#1 /var/www/restaurant.qrdigitales.com/public_html/fake/app/Http/Controllers/SettingsController.php(449): fopen()
#2 /var/www/restaurant.qrdigitales.com/public_html/fake/vendor/laravel/framework/src/Illuminate/Routing/Controller.php(54): App\\Http\\Controllers\\SettingsController->update()
#3 /var/www/restaurant.qrdigitales.com/public_html/fake/vendor/laravel/framework/src/Illuminate/Routing/ControllerDispatcher.php(45): Illuminate\\Routing\\Controller->callAction()
#4 /var/www/restaurant.qrdigitales.com/public_html/fake/vendor/laravel/framework/src/Illuminate/Routing/Route.php(254): Illuminate\\Routing\\ControllerDispatcher->dispatch()
#5 /var/www/restaurant.qrdigitales.com/public_html/fake/vendor/laravel/framework/src/Illuminate/Routing/Route.php(197): Illuminate\\Routing\\Route->runController()
#6 /var/www/restaurant.qrdigitales.com/public_html/fake/vendor/laravel/framework/src/Illuminate/Routing/Router.php(692): Illuminate\\Routing\\Route->run()
#7 /var/www/restaurant.qrdigitales.com/public_html/fake/vendor/laravel/framework/src/Illuminate/Pipeline/Pipeline.php(128): Illuminate\\Routing\\Router->Illuminate\\Routing\\{closure}()
#8 /var/www/restaurant.qrdigitales.com/public_html/fake/vendor/laravel/framework/src/Illuminate/Routing/Middleware/SubstituteBindings.php(41): Illuminate\\Pipeline\\Pipeline->Illuminate\\Pipeline\\{closure}()
#9 /var/www/restaurant.qrdigitales.com/public_html/fake/vendor/laravel/framework/src/Illuminate/Pipeline/Pipeline.php(167): Illuminate\\Routing\\Middleware\\SubstituteBindings->handle()
#10 /var/www/restaurant.qrdigitales.com/public_html/fake/vendor/laravel/framework/src/Illuminate/Auth/Middleware/Authenticate.php(44): Illuminate\\Pipeline\\Pipeline->Illuminate\\Pipeline\\{closure}()
#11 /var/www/restaurant.qrdigitales.com/public_html/fake/vendor/laravel/framework/src/Illuminate/Pipeline/Pipeline.php(167): Illuminate\\Auth\\Middleware\\Authenticate->handle()
#12 /var/www/restaurant.qrdigitales.com/public_html/fake/vendor/laravel/framework/src/Illuminate/Foundation/Http/Middleware/VerifyCsrfToken.php(78): Illuminate\\Pipeline\\Pipeline->Illuminate\\Pipeline\\{closure}()
#13 /var/www/restaurant.qrdigitales.com/public_html/fake/vendor/laravel/framework/src/Illuminate/Pipeline/Pipeline.php(167): Illuminate\\Foundation\\Http\\Middleware\\VerifyCsrfToken->handle()
#14 /var/www/restaurant.qrdigitales.com/public_html/fake/vendor/laravel/framework/src/Illuminate/View/Middleware/ShareErrorsFromSession.php(49): Illuminate\\Pipeline\\Pipeline->Illuminate\\Pipeline\\{closure}()
#15 /var/www/restaurant.qrdigitales.com/public_html/fake/vendor/laravel/framework/src/Illuminate/Pipeline/Pipeline.php(167): Illuminate\\View\\Middleware\\ShareErrorsFromSession->handle()
#16 /var/www/restaurant.qrdigitales.com/public_html/fake/app/Http/Middleware/Language.php(32): Illuminate\\Pipeline\\Pipeline->Illuminate\\Pipeline\\{closure}()
#17 /var/www/restaurant.qrdigitales.com/public_html/fake/vendor/laravel/framework/src/Illuminate/Pipeline/Pipeline.php(167): App\\Http\\Middleware\\Language->handle()
#18 /var/www/restaurant.qrdigitales.com/public_html/fake/vendor/laravel/framework/src/Illuminate/Session/Middleware/StartSession.php(121): Illuminate\\Pipeline\\Pipeline->Illuminate\\Pipeline\\{closure}()
#19 /var/www/restaurant.qrdigitales.com/public_html/fake/vendor/laravel/framework/src/Illuminate/Session/Middleware/StartSession.php(63): Illuminate\\Session\\Middleware\\StartSession->handleStatefulRequest()
#20 /var/www/restaurant.qrdigitales.com/public_html/fake/vendor/laravel/framework/src/Illuminate/Pipeline/Pipeline.php(167): Illuminate\\Session\\Middleware\\StartSession->handle()
#21 /var/www/restaurant.qrdigitales.com/public_html/fake/vendor/laravel/framework/src/Illuminate/Cookie/Middleware/AddQueuedCookiesToResponse.php(37): Illuminate\\Pipeline\\Pipeline->Illuminate\\Pipeline\\{closure}()
#22 /var/www/restaurant.qrdigitales.com/public_html/fake/vendor/laravel/framework/src/Illuminate/Pipeline/Pipeline.php(167): Illuminate\\Cookie\\Middleware\\AddQueuedCookiesToResponse->handle()
#23 /var/www/restaurant.qrdigitales.com/public_html/fake/vendor/laravel/framework/src/Illuminate/Cookie/Middleware/EncryptCookies.php(67): Illuminate\\Pipeline\\Pipeline->Illuminate\\Pipeline\\{closure}()
#24 /var/www/restaurant.qrdigitales.com/public_html/fake/vendor/laravel/framework/src/Illuminate/Pipeline/Pipeline.php(167): Illuminate\\Cookie\\Middleware\\EncryptCookies->handle()
#25 /var/www/restaurant.qrdigitales.com/public_html/fake/vendor/mobidonia/laravel-dashboard-installer/src/Middleware/ToInstallMiddleware.php(23): Illuminate\\Pipeline\\Pipeline->Illuminate\\Pipeline\\{closure}()
#26 /var/www/restaurant.qrdigitales.com/public_html/fake/vendor/laravel/framework/src/Illuminate/Pipeline/Pipeline.php(167): dacoto\\LaravelInstaller\\Middleware\\ToInstallMiddleware->handle()
#27 /var/www/restaurant.qrdigitales.com/public_html/fake/vendor/laravel/framework/src/Illuminate/Pipeline/Pipeline.php(103): Illuminate\\Pipeline\\Pipeline->Illuminate\\Pipeline\\{closure}()
#28 /var/www/restaurant.qrdigitales.com/public_html/fake/vendor/laravel/framework/src/Illuminate/Routing/Router.php(694): Illuminate\\Pipeline\\Pipeline->then()
#29 /var/www/restaurant.qrdigitales.com/public_html/fake/vendor/laravel/framework/src/Illuminate/Routing/Router.php(669): Illuminate\\Routing\\Router->runRouteWithinStack()
#30 /var/www/restaurant.qrdigitales.com/public_html/fake/vendor/laravel/framework/src/Illuminate/Routing/Router.php(635): Illuminate\\Routing\\Router->runRoute()
#31 /var/www/restaurant.qrdigitales.com/public_html/fake/vendor/laravel/framework/src/Illuminate/Routing/Router.php(624): Illuminate\\Routing\\Router->dispatchToRoute()
#32 /var/www/restaurant.qrdigitales.com/public_html/fake/vendor/laravel/framework/src/Illuminate/Foundation/Http/Kernel.php(166): Illuminate\\Routing\\Router->dispatch()
#33 /var/www/restaurant.qrdigitales.com/public_html/fake/vendor/laravel/framework/src/Illuminate/Pipeline/Pipeline.php(128): Illuminate\\Foundation\\Http\\Kernel->Illuminate\\Foundation\\Http\\{closure}()
#34 /var/www/restaurant.qrdigitales.com/public_html/fake/vendor/barryvdh/laravel-debugbar/src/Middleware/InjectDebugbar.php(67): Illuminate\\Pipeline\\Pipeline->Illuminate\\Pipeline\\{closure}()
#35 /var/www/restaurant.qrdigitales.com/public_html/fake/vendor/laravel/framework/src/Illuminate/Pipeline/Pipeline.php(167): Barryvdh\\Debugbar\\Middleware\\InjectDebugbar->handle()
#36 /var/www/restaurant.qrdigitales.com/public_html/fake/vendor/laravel/framework/src/Illuminate/Foundation/Http/Middleware/TransformsRequest.php(21): Illuminate\\Pipeline\\Pipeline->Illuminate\\Pipeline\\{closure}()
#37 /var/www/restaurant.qrdigitales.com/public_html/fake/vendor/laravel/framework/src/Illuminate/Pipeline/Pipeline.php(167): Illuminate\\Foundation\\Http\\Middleware\\TransformsRequest->handle()
#38 /var/www/restaurant.qrdigitales.com/public_html/fake/vendor/laravel/framework/src/Illuminate/Foundation/Http/Middleware/TransformsRequest.php(21): Illuminate\\Pipeline\\Pipeline->Illuminate\\Pipeline\\{closure}()
#39 /var/www/restaurant.qrdigitales.com/public_html/fake/vendor/laravel/framework/src/Illuminate/Pipeline/Pipeline.php(167): Illuminate\\Foundation\\Http\\Middleware\\TransformsRequest->handle()
#40 /var/www/restaurant.qrdigitales.com/public_html/fake/vendor/laravel/framework/src/Illuminate/Foundation/Http/Middleware/ValidatePostSize.php(27): Illuminate\\Pipeline\\Pipeline->Illuminate\\Pipeline\\{closure}()
#41 /var/www/restaurant.qrdigitales.com/public_html/fake/vendor/laravel/framework/src/Illuminate/Pipeline/Pipeline.php(167): Illuminate\\Foundation\\Http\\Middleware\\ValidatePostSize->handle()
#42 /var/www/restaurant.qrdigitales.com/public_html/fake/vendor/laravel/framework/src/Illuminate/Foundation/Http/Middleware/PreventRequestsDuringMaintenance.php(86): Illuminate\\Pipeline\\Pipeline->Illuminate\\Pipeline\\{closure}()
#43 /var/www/restaurant.qrdigitales.com/public_html/fake/vendor/laravel/framework/src/Illuminate/Pipeline/Pipeline.php(167): Illuminate\\Foundation\\Http\\Middleware\\PreventRequestsDuringMaintenance->handle()
#44 /var/www/restaurant.qrdigitales.com/public_html/fake/vendor/fruitcake/laravel-cors/src/HandleCors.php(37): Illuminate\\Pipeline\\Pipeline->Illuminate\\Pipeline\\{closure}()
#45 /var/www/restaurant.qrdigitales.com/public_html/fake/vendor/laravel/framework/src/Illuminate/Pipeline/Pipeline.php(167): Fruitcake\\Cors\\HandleCors->handle()
#46 /var/www/restaurant.qrdigitales.com/public_html/fake/vendor/fideloper/proxy/src/TrustProxies.php(57): Illuminate\\Pipeline\\Pipeline->Illuminate\\Pipeline\\{closure}()
#47 /var/www/restaurant.qrdigitales.com/public_html/fake/vendor/laravel/framework/src/Illuminate/Pipeline/Pipeline.php(167): Fideloper\\Proxy\\TrustProxies->handle()
#48 /var/www/restaurant.qrdigitales.com/public_html/fake/vendor/laravel/framework/src/Illuminate/Pipeline/Pipeline.php(103): Illuminate\\Pipeline\\Pipeline->Illuminate\\Pipeline\\{closure}()
#49 /var/www/restaurant.qrdigitales.com/public_html/fake/vendor/laravel/framework/src/Illuminate/Foundation/Http/Kernel.php(141): Illuminate\\Pipeline\\Pipeline->then()
#50 /var/www/restaurant.qrdigitales.com/public_html/fake/vendor/laravel/framework/src/Illuminate/Foundation/Http/Kernel.php(110): Illuminate\\Foundation\\Http\\Kernel->sendRequestThroughRouter()
#51 /var/www/restaurant.qrdigitales.com/public_html/fake/public/index.php(52): Illuminate\\Foundation\\Http\\Kernel->handle()
#52 {main}
"} 
[2022-01-02 19:46:07] local.ERROR: Route [LaravelInstaller::welcome] not defined. {"exception":"[object] (Symfony\\Component\\Routing\\Exception\\RouteNotFoundException(code: 0): Route [LaravelInstaller::welcome] not defined. at /var/www/restaurant.qrdigitales.com/public_html/fake/vendor/laravel/framework/src/Illuminate/Routing/UrlGenerator.php:429)
[stacktrace]
#0 /var/www/restaurant.qrdigitales.com/public_html/fake/vendor/laravel/framework/src/Illuminate/Routing/Redirector.php(176): Illuminate\\Routing\\UrlGenerator->route()
#1 /var/www/restaurant.qrdigitales.com/public_html/fake/app/Http/Controllers/FrontEndController.php(115): Illuminate\\Routing\\Redirector->route()
#2 /var/www/restaurant.qrdigitales.com/public_html/fake/vendor/laravel/framework/src/Illuminate/Routing/Controller.php(54): App\\Http\\Controllers\\FrontEndController->index()
#3 /var/www/restaurant.qrdigitales.com/public_html/fake/vendor/laravel/framework/src/Illuminate/Routing/ControllerDispatcher.php(45): Illuminate\\Routing\\Controller->callAction()
#4 /var/www/restaurant.qrdigitales.com/public_html/fake/vendor/laravel/framework/src/Illuminate/Routing/Route.php(254): Illuminate\\Routing\\ControllerDispatcher->dispatch()
#5 /var/www/restaurant.qrdigitales.com/public_html/fake/vendor/laravel/framework/src/Illuminate/Routing/Route.php(197): Illuminate\\Routing\\Route->runController()
#6 /var/www/restaurant.qrdigitales.com/public_html/fake/vendor/laravel/framework/src/Illuminate/Routing/Router.php(692): Illuminate\\Routing\\Route->run()
#7 /var/www/restaurant.qrdigitales.com/public_html/fake/vendor/laravel/framework/src/Illuminate/Pipeline/Pipeline.php(128): Illuminate\\Routing\\Router->Illuminate\\Routing\\{closure}()
#8 /var/www/restaurant.qrdigitales.com/public_html/fake/vendor/laravel/framework/src/Illuminate/Routing/Middleware/SubstituteBindings.php(41): Illuminate\\Pipeline\\Pipeline->Illuminate\\Pipeline\\{closure}()
#9 /var/www/restaurant.qrdigitales.com/public_html/fake/vendor/laravel/framework/src/Illuminate/Pipeline/Pipeline.php(167): Illuminate\\Routing\\Middleware\\SubstituteBindings->handle()
#10 /var/www/restaurant.qrdigitales.com/public_html/fake/vendor/laravel/framework/src/Illuminate/Foundation/Http/Middleware/VerifyCsrfToken.php(78): Illuminate\\Pipeline\\Pipeline->Illuminate\\Pipeline\\{closure}()
#11 /var/www/restaurant.qrdigitales.com/public_html/fake/vendor/laravel/framework/src/Illuminate/Pipeline/Pipeline.php(167): Illuminate\\Foundation\\Http\\Middleware\\VerifyCsrfToken->handle()
#12 /var/www/restaurant.qrdigitales.com/public_html/fake/vendor/laravel/framework/src/Illuminate/View/Middleware/ShareErrorsFromSession.php(49): Illuminate\\Pipeline\\Pipeline->Illuminate\\Pipeline\\{closure}()
#13 /var/www/restaurant.qrdigitales.com/public_html/fake/vendor/laravel/framework/src/Illuminate/Pipeline/Pipeline.php(167): Illuminate\\View\\Middleware\\ShareErrorsFromSession->handle()
#14 /var/www/restaurant.qrdigitales.com/public_html/fake/app/Http/Middleware/Language.php(32): Illuminate\\Pipeline\\Pipeline->Illuminate\\Pipeline\\{closure}()
#15 /var/www/restaurant.qrdigitales.com/public_html/fake/vendor/laravel/framework/src/Illuminate/Pipeline/Pipeline.php(167): App\\Http\\Middleware\\Language->handle()
#16 /var/www/restaurant.qrdigitales.com/public_html/fake/vendor/laravel/framework/src/Illuminate/Session/Middleware/StartSession.php(121): Illuminate\\Pipeline\\Pipeline->Illuminate\\Pipeline\\{closure}()
#17 /var/www/restaurant.qrdigitales.com/public_html/fake/vendor/laravel/framework/src/Illuminate/Session/Middleware/StartSession.php(63): Illuminate\\Session\\Middleware\\StartSession->handleStatefulRequest()
#18 /var/www/restaurant.qrdigitales.com/public_html/fake/vendor/laravel/framework/src/Illuminate/Pipeline/Pipeline.php(167): Illuminate\\Session\\Middleware\\StartSession->handle()
#19 /var/www/restaurant.qrdigitales.com/public_html/fake/vendor/laravel/framework/src/Illuminate/Cookie/Middleware/AddQueuedCookiesToResponse.php(37): Illuminate\\Pipeline\\Pipeline->Illuminate\\Pipeline\\{closure}()
#20 /var/www/restaurant.qrdigitales.com/public_html/fake/vendor/laravel/framework/src/Illuminate/Pipeline/Pipeline.php(167): Illuminate\\Cookie\\Middleware\\AddQueuedCookiesToResponse->handle()
#21 /var/www/restaurant.qrdigitales.com/public_html/fake/vendor/laravel/framework/src/Illuminate/Cookie/Middleware/EncryptCookies.php(67): Illuminate\\Pipeline\\Pipeline->Illuminate\\Pipeline\\{closure}()
#22 /var/www/restaurant.qrdigitales.com/public_html/fake/vendor/laravel/framework/src/Illuminate/Pipeline/Pipeline.php(167): Illuminate\\Cookie\\Middleware\\EncryptCookies->handle()
#23 /var/www/restaurant.qrdigitales.com/public_html/fake/vendor/mobidonia/laravel-dashboard-installer/src/Middleware/ToInstallMiddleware.php(23): Illuminate\\Pipeline\\Pipeline->Illuminate\\Pipeline\\{closure}()
#24 /var/www/restaurant.qrdigitales.com/public_html/fake/vendor/laravel/framework/src/Illuminate/Pipeline/Pipeline.php(167): dacoto\\LaravelInstaller\\Middleware\\ToInstallMiddleware->handle()
#25 /var/www/restaurant.qrdigitales.com/public_html/fake/vendor/laravel/framework/src/Illuminate/Pipeline/Pipeline.php(103): Illuminate\\Pipeline\\Pipeline->Illuminate\\Pipeline\\{closure}()
#26 /var/www/restaurant.qrdigitales.com/public_html/fake/vendor/laravel/framework/src/Illuminate/Routing/Router.php(694): Illuminate\\Pipeline\\Pipeline->then()
#27 /var/www/restaurant.qrdigitales.com/public_html/fake/vendor/laravel/framework/src/Illuminate/Routing/Router.php(669): Illuminate\\Routing\\Router->runRouteWithinStack()
#28 /var/www/restaurant.qrdigitales.com/public_html/fake/vendor/laravel/framework/src/Illuminate/Routing/Router.php(635): Illuminate\\Routing\\Router->runRoute()
#29 /var/www/restaurant.qrdigitales.com/public_html/fake/vendor/laravel/framework/src/Illuminate/Routing/Router.php(624): Illuminate\\Routing\\Router->dispatchToRoute()
#30 /var/www/restaurant.qrdigitales.com/public_html/fake/vendor/laravel/framework/src/Illuminate/Foundation/Http/Kernel.php(166): Illuminate\\Routing\\Router->dispatch()
#31 /var/www/restaurant.qrdigitales.com/public_html/fake/vendor/laravel/framework/src/Illuminate/Pipeline/Pipeline.php(128): Illuminate\\Foundation\\Http\\Kernel->Illuminate\\Foundation\\Http\\{closure}()
#32 /var/www/restaurant.qrdigitales.com/public_html/fake/vendor/barryvdh/laravel-debugbar/src/Middleware/InjectDebugbar.php(67): Illuminate\\Pipeline\\Pipeline->Illuminate\\Pipeline\\{closure}()
#33 /var/www/restaurant.qrdigitales.com/public_html/fake/vendor/laravel/framework/src/Illuminate/Pipeline/Pipeline.php(167): Barryvdh\\Debugbar\\Middleware\\InjectDebugbar->handle()
#34 /var/www/restaurant.qrdigitales.com/public_html/fake/vendor/laravel/framework/src/Illuminate/Foundation/Http/Middleware/TransformsRequest.php(21): Illuminate\\Pipeline\\Pipeline->Illuminate\\Pipeline\\{closure}()
#35 /var/www/restaurant.qrdigitales.com/public_html/fake/vendor/laravel/framework/src/Illuminate/Pipeline/Pipeline.php(167): Illuminate\\Foundation\\Http\\Middleware\\TransformsRequest->handle()
#36 /var/www/restaurant.qrdigitales.com/public_html/fake/vendor/laravel/framework/src/Illuminate/Foundation/Http/Middleware/TransformsRequest.php(21): Illuminate\\Pipeline\\Pipeline->Illuminate\\Pipeline\\{closure}()
#37 /var/www/restaurant.qrdigitales.com/public_html/fake/vendor/laravel/framework/src/Illuminate/Pipeline/Pipeline.php(167): Illuminate\\Foundation\\Http\\Middleware\\TransformsRequest->handle()
#38 /var/www/restaurant.qrdigitales.com/public_html/fake/vendor/laravel/framework/src/Illuminate/Foundation/Http/Middleware/ValidatePostSize.php(27): Illuminate\\Pipeline\\Pipeline->Illuminate\\Pipeline\\{closure}()
#39 /var/www/restaurant.qrdigitales.com/public_html/fake/vendor/laravel/framework/src/Illuminate/Pipeline/Pipeline.php(167): Illuminate\\Foundation\\Http\\Middleware\\ValidatePostSize->handle()
#40 /var/www/restaurant.qrdigitales.com/public_html/fake/vendor/laravel/framework/src/Illuminate/Foundation/Http/Middleware/PreventRequestsDuringMaintenance.php(86): Illuminate\\Pipeline\\Pipeline->Illuminate\\Pipeline\\{closure}()
#41 /var/www/restaurant.qrdigitales.com/public_html/fake/vendor/laravel/framework/src/Illuminate/Pipeline/Pipeline.php(167): Illuminate\\Foundation\\Http\\Middleware\\PreventRequestsDuringMaintenance->handle()
#42 /var/www/restaurant.qrdigitales.com/public_html/fake/vendor/fruitcake/laravel-cors/src/HandleCors.php(37): Illuminate\\Pipeline\\Pipeline->Illuminate\\Pipeline\\{closure}()
#43 /var/www/restaurant.qrdigitales.com/public_html/fake/vendor/laravel/framework/src/Illuminate/Pipeline/Pipeline.php(167): Fruitcake\\Cors\\HandleCors->handle()
#44 /var/www/restaurant.qrdigitales.com/public_html/fake/vendor/fideloper/proxy/src/TrustProxies.php(57): Illuminate\\Pipeline\\Pipeline->Illuminate\\Pipeline\\{closure}()
#45 /var/www/restaurant.qrdigitales.com/public_html/fake/vendor/laravel/framework/src/Illuminate/Pipeline/Pipeline.php(167): Fideloper\\Proxy\\TrustProxies->handle()
#46 /var/www/restaurant.qrdigitales.com/public_html/fake/vendor/laravel/framework/src/Illuminate/Pipeline/Pipeline.php(103): Illuminate\\Pipeline\\Pipeline->Illuminate\\Pipeline\\{closure}()
#47 /var/www/restaurant.qrdigitales.com/public_html/fake/vendor/laravel/framework/src/Illuminate/Foundation/Http/Kernel.php(141): Illuminate\\Pipeline\\Pipeline->then()
#48 /var/www/restaurant.qrdigitales.com/public_html/fake/vendor/laravel/framework/src/Illuminate/Foundation/Http/Kernel.php(110): Illuminate\\Foundation\\Http\\Kernel->sendRequestThroughRouter()
#49 /var/www/restaurant.qrdigitales.com/public_html/fake/public/index.php(52): Illuminate\\Foundation\\Http\\Kernel->handle()
#50 {main}
"} 
[2022-01-02 19:59:42] local.ERROR: Route [LaravelInstaller::welcome] not defined. {"exception":"[object] (Symfony\\Component\\Routing\\Exception\\RouteNotFoundException(code: 0): Route [LaravelInstaller::welcome] not defined. at /var/www/restaurant.qrdigitales.com/public_html/fake/vendor/laravel/framework/src/Illuminate/Routing/UrlGenerator.php:429)
[stacktrace]
#0 /var/www/restaurant.qrdigitales.com/public_html/fake/vendor/laravel/framework/src/Illuminate/Routing/Redirector.php(176): Illuminate\\Routing\\UrlGenerator->route()
#1 /var/www/restaurant.qrdigitales.com/public_html/fake/app/Http/Controllers/FrontEndController.php(115): Illuminate\\Routing\\Redirector->route()
#2 /var/www/restaurant.qrdigitales.com/public_html/fake/vendor/laravel/framework/src/Illuminate/Routing/Controller.php(54): App\\Http\\Controllers\\FrontEndController->index()
#3 /var/www/restaurant.qrdigitales.com/public_html/fake/vendor/laravel/framework/src/Illuminate/Routing/ControllerDispatcher.php(45): Illuminate\\Routing\\Controller->callAction()
#4 /var/www/restaurant.qrdigitales.com/public_html/fake/vendor/laravel/framework/src/Illuminate/Routing/Route.php(254): Illuminate\\Routing\\ControllerDispatcher->dispatch()
#5 /var/www/restaurant.qrdigitales.com/public_html/fake/vendor/laravel/framework/src/Illuminate/Routing/Route.php(197): Illuminate\\Routing\\Route->runController()
#6 /var/www/restaurant.qrdigitales.com/public_html/fake/vendor/laravel/framework/src/Illuminate/Routing/Router.php(692): Illuminate\\Routing\\Route->run()
#7 /var/www/restaurant.qrdigitales.com/public_html/fake/vendor/laravel/framework/src/Illuminate/Pipeline/Pipeline.php(128): Illuminate\\Routing\\Router->Illuminate\\Routing\\{closure}()
#8 /var/www/restaurant.qrdigitales.com/public_html/fake/vendor/laravel/framework/src/Illuminate/Routing/Middleware/SubstituteBindings.php(41): Illuminate\\Pipeline\\Pipeline->Illuminate\\Pipeline\\{closure}()
#9 /var/www/restaurant.qrdigitales.com/public_html/fake/vendor/laravel/framework/src/Illuminate/Pipeline/Pipeline.php(167): Illuminate\\Routing\\Middleware\\SubstituteBindings->handle()
#10 /var/www/restaurant.qrdigitales.com/public_html/fake/vendor/laravel/framework/src/Illuminate/Foundation/Http/Middleware/VerifyCsrfToken.php(78): Illuminate\\Pipeline\\Pipeline->Illuminate\\Pipeline\\{closure}()
#11 /var/www/restaurant.qrdigitales.com/public_html/fake/vendor/laravel/framework/src/Illuminate/Pipeline/Pipeline.php(167): Illuminate\\Foundation\\Http\\Middleware\\VerifyCsrfToken->handle()
#12 /var/www/restaurant.qrdigitales.com/public_html/fake/vendor/laravel/framework/src/Illuminate/View/Middleware/ShareErrorsFromSession.php(49): Illuminate\\Pipeline\\Pipeline->Illuminate\\Pipeline\\{closure}()
#13 /var/www/restaurant.qrdigitales.com/public_html/fake/vendor/laravel/framework/src/Illuminate/Pipeline/Pipeline.php(167): Illuminate\\View\\Middleware\\ShareErrorsFromSession->handle()
#14 /var/www/restaurant.qrdigitales.com/public_html/fake/app/Http/Middleware/Language.php(32): Illuminate\\Pipeline\\Pipeline->Illuminate\\Pipeline\\{closure}()
#15 /var/www/restaurant.qrdigitales.com/public_html/fake/vendor/laravel/framework/src/Illuminate/Pipeline/Pipeline.php(167): App\\Http\\Middleware\\Language->handle()
#16 /var/www/restaurant.qrdigitales.com/public_html/fake/vendor/laravel/framework/src/Illuminate/Session/Middleware/StartSession.php(121): Illuminate\\Pipeline\\Pipeline->Illuminate\\Pipeline\\{closure}()
#17 /var/www/restaurant.qrdigitales.com/public_html/fake/vendor/laravel/framework/src/Illuminate/Session/Middleware/StartSession.php(63): Illuminate\\Session\\Middleware\\StartSession->handleStatefulRequest()
#18 /var/www/restaurant.qrdigitales.com/public_html/fake/vendor/laravel/framework/src/Illuminate/Pipeline/Pipeline.php(167): Illuminate\\Session\\Middleware\\StartSession->handle()
#19 /var/www/restaurant.qrdigitales.com/public_html/fake/vendor/laravel/framework/src/Illuminate/Cookie/Middleware/AddQueuedCookiesToResponse.php(37): Illuminate\\Pipeline\\Pipeline->Illuminate\\Pipeline\\{closure}()
#20 /var/www/restaurant.qrdigitales.com/public_html/fake/vendor/laravel/framework/src/Illuminate/Pipeline/Pipeline.php(167): Illuminate\\Cookie\\Middleware\\AddQueuedCookiesToResponse->handle()
#21 /var/www/restaurant.qrdigitales.com/public_html/fake/vendor/laravel/framework/src/Illuminate/Cookie/Middleware/EncryptCookies.php(67): Illuminate\\Pipeline\\Pipeline->Illuminate\\Pipeline\\{closure}()
#22 /var/www/restaurant.qrdigitales.com/public_html/fake/vendor/laravel/framework/src/Illuminate/Pipeline/Pipeline.php(167): Illuminate\\Cookie\\Middleware\\EncryptCookies->handle()
#23 /var/www/restaurant.qrdigitales.com/public_html/fake/vendor/mobidonia/laravel-dashboard-installer/src/Middleware/ToInstallMiddleware.php(23): Illuminate\\Pipeline\\Pipeline->Illuminate\\Pipeline\\{closure}()
#24 /var/www/restaurant.qrdigitales.com/public_html/fake/vendor/laravel/framework/src/Illuminate/Pipeline/Pipeline.php(167): dacoto\\LaravelInstaller\\Middleware\\ToInstallMiddleware->handle()
#25 /var/www/restaurant.qrdigitales.com/public_html/fake/vendor/laravel/framework/src/Illuminate/Pipeline/Pipeline.php(103): Illuminate\\Pipeline\\Pipeline->Illuminate\\Pipeline\\{closure}()
#26 /var/www/restaurant.qrdigitales.com/public_html/fake/vendor/laravel/framework/src/Illuminate/Routing/Router.php(694): Illuminate\\Pipeline\\Pipeline->then()
#27 /var/www/restaurant.qrdigitales.com/public_html/fake/vendor/laravel/framework/src/Illuminate/Routing/Router.php(669): Illuminate\\Routing\\Router->runRouteWithinStack()
#28 /var/www/restaurant.qrdigitales.com/public_html/fake/vendor/laravel/framework/src/Illuminate/Routing/Router.php(635): Illuminate\\Routing\\Router->runRoute()
#29 /var/www/restaurant.qrdigitales.com/public_html/fake/vendor/laravel/framework/src/Illuminate/Routing/Router.php(624): Illuminate\\Routing\\Router->dispatchToRoute()
#30 /var/www/restaurant.qrdigitales.com/public_html/fake/vendor/laravel/framework/src/Illuminate/Foundation/Http/Kernel.php(166): Illuminate\\Routing\\Router->dispatch()
#31 /var/www/restaurant.qrdigitales.com/public_html/fake/vendor/laravel/framework/src/Illuminate/Pipeline/Pipeline.php(128): Illuminate\\Foundation\\Http\\Kernel->Illuminate\\Foundation\\Http\\{closure}()
#32 /var/www/restaurant.qrdigitales.com/public_html/fake/vendor/barryvdh/laravel-debugbar/src/Middleware/InjectDebugbar.php(67): Illuminate\\Pipeline\\Pipeline->Illuminate\\Pipeline\\{closure}()
#33 /var/www/restaurant.qrdigitales.com/public_html/fake/vendor/laravel/framework/src/Illuminate/Pipeline/Pipeline.php(167): Barryvdh\\Debugbar\\Middleware\\InjectDebugbar->handle()
#34 /var/www/restaurant.qrdigitales.com/public_html/fake/vendor/laravel/framework/src/Illuminate/Foundation/Http/Middleware/TransformsRequest.php(21): Illuminate\\Pipeline\\Pipeline->Illuminate\\Pipeline\\{closure}()
#35 /var/www/restaurant.qrdigitales.com/public_html/fake/vendor/laravel/framework/src/Illuminate/Pipeline/Pipeline.php(167): Illuminate\\Foundation\\Http\\Middleware\\TransformsRequest->handle()
#36 /var/www/restaurant.qrdigitales.com/public_html/fake/vendor/laravel/framework/src/Illuminate/Foundation/Http/Middleware/TransformsRequest.php(21): Illuminate\\Pipeline\\Pipeline->Illuminate\\Pipeline\\{closure}()
#37 /var/www/restaurant.qrdigitales.com/public_html/fake/vendor/laravel/framework/src/Illuminate/Pipeline/Pipeline.php(167): Illuminate\\Foundation\\Http\\Middleware\\TransformsRequest->handle()
#38 /var/www/restaurant.qrdigitales.com/public_html/fake/vendor/laravel/framework/src/Illuminate/Foundation/Http/Middleware/ValidatePostSize.php(27): Illuminate\\Pipeline\\Pipeline->Illuminate\\Pipeline\\{closure}()
#39 /var/www/restaurant.qrdigitales.com/public_html/fake/vendor/laravel/framework/src/Illuminate/Pipeline/Pipeline.php(167): Illuminate\\Foundation\\Http\\Middleware\\ValidatePostSize->handle()
#40 /var/www/restaurant.qrdigitales.com/public_html/fake/vendor/laravel/framework/src/Illuminate/Foundation/Http/Middleware/PreventRequestsDuringMaintenance.php(86): Illuminate\\Pipeline\\Pipeline->Illuminate\\Pipeline\\{closure}()
#41 /var/www/restaurant.qrdigitales.com/public_html/fake/vendor/laravel/framework/src/Illuminate/Pipeline/Pipeline.php(167): Illuminate\\Foundation\\Http\\Middleware\\PreventRequestsDuringMaintenance->handle()
#42 /var/www/restaurant.qrdigitales.com/public_html/fake/vendor/fruitcake/laravel-cors/src/HandleCors.php(37): Illuminate\\Pipeline\\Pipeline->Illuminate\\Pipeline\\{closure}()
#43 /var/www/restaurant.qrdigitales.com/public_html/fake/vendor/laravel/framework/src/Illuminate/Pipeline/Pipeline.php(167): Fruitcake\\Cors\\HandleCors->handle()
#44 /var/www/restaurant.qrdigitales.com/public_html/fake/vendor/fideloper/proxy/src/TrustProxies.php(57): Illuminate\\Pipeline\\Pipeline->Illuminate\\Pipeline\\{closure}()
#45 /var/www/restaurant.qrdigitales.com/public_html/fake/vendor/laravel/framework/src/Illuminate/Pipeline/Pipeline.php(167): Fideloper\\Proxy\\TrustProxies->handle()
#46 /var/www/restaurant.qrdigitales.com/public_html/fake/vendor/laravel/framework/src/Illuminate/Pipeline/Pipeline.php(103): Illuminate\\Pipeline\\Pipeline->Illuminate\\Pipeline\\{closure}()
#47 /var/www/restaurant.qrdigitales.com/public_html/fake/vendor/laravel/framework/src/Illuminate/Foundation/Http/Kernel.php(141): Illuminate\\Pipeline\\Pipeline->then()
#48 /var/www/restaurant.qrdigitales.com/public_html/fake/vendor/laravel/framework/src/Illuminate/Foundation/Http/Kernel.php(110): Illuminate\\Foundation\\Http\\Kernel->sendRequestThroughRouter()
#49 /var/www/restaurant.qrdigitales.com/public_html/fake/public/index.php(52): Illuminate\\Foundation\\Http\\Kernel->handle()
#50 {main}
"} 
[2022-01-02 20:54:39] local.ERROR: Undefined index: HTTP_HOST {"exception":"[object] (ErrorException(code: 0): Undefined index: HTTP_HOST at /var/www/restaurant.qrdigitales.com/public_html/fake/app/Http/Controllers/FrontEndController.php:39)
[stacktrace]
#0 /var/www/restaurant.qrdigitales.com/public_html/fake/app/Http/Controllers/FrontEndController.php(39): Illuminate\\Foundation\\Bootstrap\\HandleExceptions->handleError()
#1 /var/www/restaurant.qrdigitales.com/public_html/fake/app/Http/Controllers/FrontEndController.php(126): App\\Http\\Controllers\\FrontEndController->getSubDomain()
#2 /var/www/restaurant.qrdigitales.com/public_html/fake/vendor/laravel/framework/src/Illuminate/Routing/Controller.php(54): App\\Http\\Controllers\\FrontEndController->index()
#3 /var/www/restaurant.qrdigitales.com/public_html/fake/vendor/laravel/framework/src/Illuminate/Routing/ControllerDispatcher.php(45): Illuminate\\Routing\\Controller->callAction()
#4 /var/www/restaurant.qrdigitales.com/public_html/fake/vendor/laravel/framework/src/Illuminate/Routing/Route.php(254): Illuminate\\Routing\\ControllerDispatcher->dispatch()
#5 /var/www/restaurant.qrdigitales.com/public_html/fake/vendor/laravel/framework/src/Illuminate/Routing/Route.php(197): Illuminate\\Routing\\Route->runController()
#6 /var/www/restaurant.qrdigitales.com/public_html/fake/vendor/laravel/framework/src/Illuminate/Routing/Router.php(692): Illuminate\\Routing\\Route->run()
#7 /var/www/restaurant.qrdigitales.com/public_html/fake/vendor/laravel/framework/src/Illuminate/Pipeline/Pipeline.php(128): Illuminate\\Routing\\Router->Illuminate\\Routing\\{closure}()
#8 /var/www/restaurant.qrdigitales.com/public_html/fake/vendor/laravel/framework/src/Illuminate/Routing/Middleware/SubstituteBindings.php(41): Illuminate\\Pipeline\\Pipeline->Illuminate\\Pipeline\\{closure}()
#9 /var/www/restaurant.qrdigitales.com/public_html/fake/vendor/laravel/framework/src/Illuminate/Pipeline/Pipeline.php(167): Illuminate\\Routing\\Middleware\\SubstituteBindings->handle()
#10 /var/www/restaurant.qrdigitales.com/public_html/fake/vendor/laravel/framework/src/Illuminate/Foundation/Http/Middleware/VerifyCsrfToken.php(78): Illuminate\\Pipeline\\Pipeline->Illuminate\\Pipeline\\{closure}()
#11 /var/www/restaurant.qrdigitales.com/public_html/fake/vendor/laravel/framework/src/Illuminate/Pipeline/Pipeline.php(167): Illuminate\\Foundation\\Http\\Middleware\\VerifyCsrfToken->handle()
#12 /var/www/restaurant.qrdigitales.com/public_html/fake/vendor/laravel/framework/src/Illuminate/View/Middleware/ShareErrorsFromSession.php(49): Illuminate\\Pipeline\\Pipeline->Illuminate\\Pipeline\\{closure}()
#13 /var/www/restaurant.qrdigitales.com/public_html/fake/vendor/laravel/framework/src/Illuminate/Pipeline/Pipeline.php(167): Illuminate\\View\\Middleware\\ShareErrorsFromSession->handle()
#14 /var/www/restaurant.qrdigitales.com/public_html/fake/app/Http/Middleware/Language.php(32): Illuminate\\Pipeline\\Pipeline->Illuminate\\Pipeline\\{closure}()
#15 /var/www/restaurant.qrdigitales.com/public_html/fake/vendor/laravel/framework/src/Illuminate/Pipeline/Pipeline.php(167): App\\Http\\Middleware\\Language->handle()
#16 /var/www/restaurant.qrdigitales.com/public_html/fake/vendor/laravel/framework/src/Illuminate/Session/Middleware/StartSession.php(121): Illuminate\\Pipeline\\Pipeline->Illuminate\\Pipeline\\{closure}()
#17 /var/www/restaurant.qrdigitales.com/public_html/fake/vendor/laravel/framework/src/Illuminate/Session/Middleware/StartSession.php(63): Illuminate\\Session\\Middleware\\StartSession->handleStatefulRequest()
#18 /var/www/restaurant.qrdigitales.com/public_html/fake/vendor/laravel/framework/src/Illuminate/Pipeline/Pipeline.php(167): Illuminate\\Session\\Middleware\\StartSession->handle()
#19 /var/www/restaurant.qrdigitales.com/public_html/fake/vendor/laravel/framework/src/Illuminate/Cookie/Middleware/AddQueuedCookiesToResponse.php(37): Illuminate\\Pipeline\\Pipeline->Illuminate\\Pipeline\\{closure}()
#20 /var/www/restaurant.qrdigitales.com/public_html/fake/vendor/laravel/framework/src/Illuminate/Pipeline/Pipeline.php(167): Illuminate\\Cookie\\Middleware\\AddQueuedCookiesToResponse->handle()
#21 /var/www/restaurant.qrdigitales.com/public_html/fake/vendor/laravel/framework/src/Illuminate/Cookie/Middleware/EncryptCookies.php(67): Illuminate\\Pipeline\\Pipeline->Illuminate\\Pipeline\\{closure}()
#22 /var/www/restaurant.qrdigitales.com/public_html/fake/vendor/laravel/framework/src/Illuminate/Pipeline/Pipeline.php(167): Illuminate\\Cookie\\Middleware\\EncryptCookies->handle()
#23 /var/www/restaurant.qrdigitales.com/public_html/fake/vendor/mobidonia/laravel-dashboard-installer/src/Middleware/ToInstallMiddleware.php(23): Illuminate\\Pipeline\\Pipeline->Illuminate\\Pipeline\\{closure}()
#24 /var/www/restaurant.qrdigitales.com/public_html/fake/vendor/laravel/framework/src/Illuminate/Pipeline/Pipeline.php(167): dacoto\\LaravelInstaller\\Middleware\\ToInstallMiddleware->handle()
#25 /var/www/restaurant.qrdigitales.com/public_html/fake/vendor/laravel/framework/src/Illuminate/Pipeline/Pipeline.php(103): Illuminate\\Pipeline\\Pipeline->Illuminate\\Pipeline\\{closure}()
#26 /var/www/restaurant.qrdigitales.com/public_html/fake/vendor/laravel/framework/src/Illuminate/Routing/Router.php(694): Illuminate\\Pipeline\\Pipeline->then()
#27 /var/www/restaurant.qrdigitales.com/public_html/fake/vendor/laravel/framework/src/Illuminate/Routing/Router.php(669): Illuminate\\Routing\\Router->runRouteWithinStack()
#28 /var/www/restaurant.qrdigitales.com/public_html/fake/vendor/laravel/framework/src/Illuminate/Routing/Router.php(635): Illuminate\\Routing\\Router->runRoute()
#29 /var/www/restaurant.qrdigitales.com/public_html/fake/vendor/laravel/framework/src/Illuminate/Routing/Router.php(624): Illuminate\\Routing\\Router->dispatchToRoute()
#30 /var/www/restaurant.qrdigitales.com/public_html/fake/vendor/laravel/framework/src/Illuminate/Foundation/Http/Kernel.php(166): Illuminate\\Routing\\Router->dispatch()
#31 /var/www/restaurant.qrdigitales.com/public_html/fake/vendor/laravel/framework/src/Illuminate/Pipeline/Pipeline.php(128): Illuminate\\Foundation\\Http\\Kernel->Illuminate\\Foundation\\Http\\{closure}()
#32 /var/www/restaurant.qrdigitales.com/public_html/fake/vendor/barryvdh/laravel-debugbar/src/Middleware/InjectDebugbar.php(67): Illuminate\\Pipeline\\Pipeline->Illuminate\\Pipeline\\{closure}()
#33 /var/www/restaurant.qrdigitales.com/public_html/fake/vendor/laravel/framework/src/Illuminate/Pipeline/Pipeline.php(167): Barryvdh\\Debugbar\\Middleware\\InjectDebugbar->handle()
#34 /var/www/restaurant.qrdigitales.com/public_html/fake/vendor/laravel/framework/src/Illuminate/Foundation/Http/Middleware/TransformsRequest.php(21): Illuminate\\Pipeline\\Pipeline->Illuminate\\Pipeline\\{closure}()
#35 /var/www/restaurant.qrdigitales.com/public_html/fake/vendor/laravel/framework/src/Illuminate/Pipeline/Pipeline.php(167): Illuminate\\Foundation\\Http\\Middleware\\TransformsRequest->handle()
#36 /var/www/restaurant.qrdigitales.com/public_html/fake/vendor/laravel/framework/src/Illuminate/Foundation/Http/Middleware/TransformsRequest.php(21): Illuminate\\Pipeline\\Pipeline->Illuminate\\Pipeline\\{closure}()
#37 /var/www/restaurant.qrdigitales.com/public_html/fake/vendor/laravel/framework/src/Illuminate/Pipeline/Pipeline.php(167): Illuminate\\Foundation\\Http\\Middleware\\TransformsRequest->handle()
#38 /var/www/restaurant.qrdigitales.com/public_html/fake/vendor/laravel/framework/src/Illuminate/Foundation/Http/Middleware/ValidatePostSize.php(27): Illuminate\\Pipeline\\Pipeline->Illuminate\\Pipeline\\{closure}()
#39 /var/www/restaurant.qrdigitales.com/public_html/fake/vendor/laravel/framework/src/Illuminate/Pipeline/Pipeline.php(167): Illuminate\\Foundation\\Http\\Middleware\\ValidatePostSize->handle()
#40 /var/www/restaurant.qrdigitales.com/public_html/fake/vendor/laravel/framework/src/Illuminate/Foundation/Http/Middleware/PreventRequestsDuringMaintenance.php(86): Illuminate\\Pipeline\\Pipeline->Illuminate\\Pipeline\\{closure}()
#41 /var/www/restaurant.qrdigitales.com/public_html/fake/vendor/laravel/framework/src/Illuminate/Pipeline/Pipeline.php(167): Illuminate\\Foundation\\Http\\Middleware\\PreventRequestsDuringMaintenance->handle()
#42 /var/www/restaurant.qrdigitales.com/public_html/fake/vendor/fruitcake/laravel-cors/src/HandleCors.php(37): Illuminate\\Pipeline\\Pipeline->Illuminate\\Pipeline\\{closure}()
#43 /var/www/restaurant.qrdigitales.com/public_html/fake/vendor/laravel/framework/src/Illuminate/Pipeline/Pipeline.php(167): Fruitcake\\Cors\\HandleCors->handle()
#44 /var/www/restaurant.qrdigitales.com/public_html/fake/vendor/fideloper/proxy/src/TrustProxies.php(57): Illuminate\\Pipeline\\Pipeline->Illuminate\\Pipeline\\{closure}()
#45 /var/www/restaurant.qrdigitales.com/public_html/fake/vendor/laravel/framework/src/Illuminate/Pipeline/Pipeline.php(167): Fideloper\\Proxy\\TrustProxies->handle()
#46 /var/www/restaurant.qrdigitales.com/public_html/fake/vendor/laravel/framework/src/Illuminate/Pipeline/Pipeline.php(103): Illuminate\\Pipeline\\Pipeline->Illuminate\\Pipeline\\{closure}()
#47 /var/www/restaurant.qrdigitales.com/public_html/fake/vendor/laravel/framework/src/Illuminate/Foundation/Http/Kernel.php(141): Illuminate\\Pipeline\\Pipeline->then()
#48 /var/www/restaurant.qrdigitales.com/public_html/fake/vendor/laravel/framework/src/Illuminate/Foundation/Http/Kernel.php(110): Illuminate\\Foundation\\Http\\Kernel->sendRequestThroughRouter()
#49 /var/www/restaurant.qrdigitales.com/public_html/fake/public/index.php(52): Illuminate\\Foundation\\Http\\Kernel->handle()
#50 {main}
"} 
[2022-01-02 20:56:10] local.ERROR: Undefined index: HTTP_HOST {"exception":"[object] (ErrorException(code: 0): Undefined index: HTTP_HOST at /var/www/restaurant.qrdigitales.com/public_html/fake/app/Http/Controllers/FrontEndController.php:39)
[stacktrace]
#0 /var/www/restaurant.qrdigitales.com/public_html/fake/app/Http/Controllers/FrontEndController.php(39): Illuminate\\Foundation\\Bootstrap\\HandleExceptions->handleError()
#1 /var/www/restaurant.qrdigitales.com/public_html/fake/app/Http/Controllers/FrontEndController.php(126): App\\Http\\Controllers\\FrontEndController->getSubDomain()
#2 /var/www/restaurant.qrdigitales.com/public_html/fake/vendor/laravel/framework/src/Illuminate/Routing/Controller.php(54): App\\Http\\Controllers\\FrontEndController->index()
#3 /var/www/restaurant.qrdigitales.com/public_html/fake/vendor/laravel/framework/src/Illuminate/Routing/ControllerDispatcher.php(45): Illuminate\\Routing\\Controller->callAction()
#4 /var/www/restaurant.qrdigitales.com/public_html/fake/vendor/laravel/framework/src/Illuminate/Routing/Route.php(254): Illuminate\\Routing\\ControllerDispatcher->dispatch()
#5 /var/www/restaurant.qrdigitales.com/public_html/fake/vendor/laravel/framework/src/Illuminate/Routing/Route.php(197): Illuminate\\Routing\\Route->runController()
#6 /var/www/restaurant.qrdigitales.com/public_html/fake/vendor/laravel/framework/src/Illuminate/Routing/Router.php(692): Illuminate\\Routing\\Route->run()
#7 /var/www/restaurant.qrdigitales.com/public_html/fake/vendor/laravel/framework/src/Illuminate/Pipeline/Pipeline.php(128): Illuminate\\Routing\\Router->Illuminate\\Routing\\{closure}()
#8 /var/www/restaurant.qrdigitales.com/public_html/fake/vendor/laravel/framework/src/Illuminate/Routing/Middleware/SubstituteBindings.php(41): Illuminate\\Pipeline\\Pipeline->Illuminate\\Pipeline\\{closure}()
#9 /var/www/restaurant.qrdigitales.com/public_html/fake/vendor/laravel/framework/src/Illuminate/Pipeline/Pipeline.php(167): Illuminate\\Routing\\Middleware\\SubstituteBindings->handle()
#10 /var/www/restaurant.qrdigitales.com/public_html/fake/vendor/laravel/framework/src/Illuminate/Foundation/Http/Middleware/VerifyCsrfToken.php(78): Illuminate\\Pipeline\\Pipeline->Illuminate\\Pipeline\\{closure}()
#11 /var/www/restaurant.qrdigitales.com/public_html/fake/vendor/laravel/framework/src/Illuminate/Pipeline/Pipeline.php(167): Illuminate\\Foundation\\Http\\Middleware\\VerifyCsrfToken->handle()
#12 /var/www/restaurant.qrdigitales.com/public_html/fake/vendor/laravel/framework/src/Illuminate/View/Middleware/ShareErrorsFromSession.php(49): Illuminate\\Pipeline\\Pipeline->Illuminate\\Pipeline\\{closure}()
#13 /var/www/restaurant.qrdigitales.com/public_html/fake/vendor/laravel/framework/src/Illuminate/Pipeline/Pipeline.php(167): Illuminate\\View\\Middleware\\ShareErrorsFromSession->handle()
#14 /var/www/restaurant.qrdigitales.com/public_html/fake/app/Http/Middleware/Language.php(32): Illuminate\\Pipeline\\Pipeline->Illuminate\\Pipeline\\{closure}()
#15 /var/www/restaurant.qrdigitales.com/public_html/fake/vendor/laravel/framework/src/Illuminate/Pipeline/Pipeline.php(167): App\\Http\\Middleware\\Language->handle()
#16 /var/www/restaurant.qrdigitales.com/public_html/fake/vendor/laravel/framework/src/Illuminate/Session/Middleware/StartSession.php(121): Illuminate\\Pipeline\\Pipeline->Illuminate\\Pipeline\\{closure}()
#17 /var/www/restaurant.qrdigitales.com/public_html/fake/vendor/laravel/framework/src/Illuminate/Session/Middleware/StartSession.php(63): Illuminate\\Session\\Middleware\\StartSession->handleStatefulRequest()
#18 /var/www/restaurant.qrdigitales.com/public_html/fake/vendor/laravel/framework/src/Illuminate/Pipeline/Pipeline.php(167): Illuminate\\Session\\Middleware\\StartSession->handle()
#19 /var/www/restaurant.qrdigitales.com/public_html/fake/vendor/laravel/framework/src/Illuminate/Cookie/Middleware/AddQueuedCookiesToResponse.php(37): Illuminate\\Pipeline\\Pipeline->Illuminate\\Pipeline\\{closure}()
#20 /var/www/restaurant.qrdigitales.com/public_html/fake/vendor/laravel/framework/src/Illuminate/Pipeline/Pipeline.php(167): Illuminate\\Cookie\\Middleware\\AddQueuedCookiesToResponse->handle()
#21 /var/www/restaurant.qrdigitales.com/public_html/fake/vendor/laravel/framework/src/Illuminate/Cookie/Middleware/EncryptCookies.php(67): Illuminate\\Pipeline\\Pipeline->Illuminate\\Pipeline\\{closure}()
#22 /var/www/restaurant.qrdigitales.com/public_html/fake/vendor/laravel/framework/src/Illuminate/Pipeline/Pipeline.php(167): Illuminate\\Cookie\\Middleware\\EncryptCookies->handle()
#23 /var/www/restaurant.qrdigitales.com/public_html/fake/vendor/mobidonia/laravel-dashboard-installer/src/Middleware/ToInstallMiddleware.php(23): Illuminate\\Pipeline\\Pipeline->Illuminate\\Pipeline\\{closure}()
#24 /var/www/restaurant.qrdigitales.com/public_html/fake/vendor/laravel/framework/src/Illuminate/Pipeline/Pipeline.php(167): dacoto\\LaravelInstaller\\Middleware\\ToInstallMiddleware->handle()
#25 /var/www/restaurant.qrdigitales.com/public_html/fake/vendor/laravel/framework/src/Illuminate/Pipeline/Pipeline.php(103): Illuminate\\Pipeline\\Pipeline->Illuminate\\Pipeline\\{closure}()
#26 /var/www/restaurant.qrdigitales.com/public_html/fake/vendor/laravel/framework/src/Illuminate/Routing/Router.php(694): Illuminate\\Pipeline\\Pipeline->then()
#27 /var/www/restaurant.qrdigitales.com/public_html/fake/vendor/laravel/framework/src/Illuminate/Routing/Router.php(669): Illuminate\\Routing\\Router->runRouteWithinStack()
#28 /var/www/restaurant.qrdigitales.com/public_html/fake/vendor/laravel/framework/src/Illuminate/Routing/Router.php(635): Illuminate\\Routing\\Router->runRoute()
#29 /var/www/restaurant.qrdigitales.com/public_html/fake/vendor/laravel/framework/src/Illuminate/Routing/Router.php(624): Illuminate\\Routing\\Router->dispatchToRoute()
#30 /var/www/restaurant.qrdigitales.com/public_html/fake/vendor/laravel/framework/src/Illuminate/Foundation/Http/Kernel.php(166): Illuminate\\Routing\\Router->dispatch()
#31 /var/www/restaurant.qrdigitales.com/public_html/fake/vendor/laravel/framework/src/Illuminate/Pipeline/Pipeline.php(128): Illuminate\\Foundation\\Http\\Kernel->Illuminate\\Foundation\\Http\\{closure}()
#32 /var/www/restaurant.qrdigitales.com/public_html/fake/vendor/barryvdh/laravel-debugbar/src/Middleware/InjectDebugbar.php(67): Illuminate\\Pipeline\\Pipeline->Illuminate\\Pipeline\\{closure}()
#33 /var/www/restaurant.qrdigitales.com/public_html/fake/vendor/laravel/framework/src/Illuminate/Pipeline/Pipeline.php(167): Barryvdh\\Debugbar\\Middleware\\InjectDebugbar->handle()
#34 /var/www/restaurant.qrdigitales.com/public_html/fake/vendor/laravel/framework/src/Illuminate/Foundation/Http/Middleware/TransformsRequest.php(21): Illuminate\\Pipeline\\Pipeline->Illuminate\\Pipeline\\{closure}()
#35 /var/www/restaurant.qrdigitales.com/public_html/fake/vendor/laravel/framework/src/Illuminate/Pipeline/Pipeline.php(167): Illuminate\\Foundation\\Http\\Middleware\\TransformsRequest->handle()
#36 /var/www/restaurant.qrdigitales.com/public_html/fake/vendor/laravel/framework/src/Illuminate/Foundation/Http/Middleware/TransformsRequest.php(21): Illuminate\\Pipeline\\Pipeline->Illuminate\\Pipeline\\{closure}()
#37 /var/www/restaurant.qrdigitales.com/public_html/fake/vendor/laravel/framework/src/Illuminate/Pipeline/Pipeline.php(167): Illuminate\\Foundation\\Http\\Middleware\\TransformsRequest->handle()
#38 /var/www/restaurant.qrdigitales.com/public_html/fake/vendor/laravel/framework/src/Illuminate/Foundation/Http/Middleware/ValidatePostSize.php(27): Illuminate\\Pipeline\\Pipeline->Illuminate\\Pipeline\\{closure}()
#39 /var/www/restaurant.qrdigitales.com/public_html/fake/vendor/laravel/framework/src/Illuminate/Pipeline/Pipeline.php(167): Illuminate\\Foundation\\Http\\Middleware\\ValidatePostSize->handle()
#40 /var/www/restaurant.qrdigitales.com/public_html/fake/vendor/laravel/framework/src/Illuminate/Foundation/Http/Middleware/PreventRequestsDuringMaintenance.php(86): Illuminate\\Pipeline\\Pipeline->Illuminate\\Pipeline\\{closure}()
#41 /var/www/restaurant.qrdigitales.com/public_html/fake/vendor/laravel/framework/src/Illuminate/Pipeline/Pipeline.php(167): Illuminate\\Foundation\\Http\\Middleware\\PreventRequestsDuringMaintenance->handle()
#42 /var/www/restaurant.qrdigitales.com/public_html/fake/vendor/fruitcake/laravel-cors/src/HandleCors.php(37): Illuminate\\Pipeline\\Pipeline->Illuminate\\Pipeline\\{closure}()
#43 /var/www/restaurant.qrdigitales.com/public_html/fake/vendor/laravel/framework/src/Illuminate/Pipeline/Pipeline.php(167): Fruitcake\\Cors\\HandleCors->handle()
#44 /var/www/restaurant.qrdigitales.com/public_html/fake/vendor/fideloper/proxy/src/TrustProxies.php(57): Illuminate\\Pipeline\\Pipeline->Illuminate\\Pipeline\\{closure}()
#45 /var/www/restaurant.qrdigitales.com/public_html/fake/vendor/laravel/framework/src/Illuminate/Pipeline/Pipeline.php(167): Fideloper\\Proxy\\TrustProxies->handle()
#46 /var/www/restaurant.qrdigitales.com/public_html/fake/vendor/laravel/framework/src/Illuminate/Pipeline/Pipeline.php(103): Illuminate\\Pipeline\\Pipeline->Illuminate\\Pipeline\\{closure}()
#47 /var/www/restaurant.qrdigitales.com/public_html/fake/vendor/laravel/framework/src/Illuminate/Foundation/Http/Kernel.php(141): Illuminate\\Pipeline\\Pipeline->then()
#48 /var/www/restaurant.qrdigitales.com/public_html/fake/vendor/laravel/framework/src/Illuminate/Foundation/Http/Kernel.php(110): Illuminate\\Foundation\\Http\\Kernel->sendRequestThroughRouter()
#49 /var/www/restaurant.qrdigitales.com/public_html/fake/public/index.php(52): Illuminate\\Foundation\\Http\\Kernel->handle()
#50 {main}
"} 
